<?xml version="1.0" encoding="UTF-8"?>
<!-- Generated by org.testng.reporters.JUnitReportReporter -->
<testsuite name="payroll.client" tests="4" time="62.348" ignored="0" failures="0" timestamp="19 Apr 2021 16:24:47 GMT" skipped="0" hostname="LAPTOP" errors="0">
  <testcase name="view" time="9.642" classname="payroll.client"/>
  <testcase name="createClient" time="32.192" classname="payroll.client"/>
  <testcase name="update" time="14.726" classname="payroll.client"/>
  <testcase name="searchClient" time="5.788" classname="payroll.client"/>
</testsuite> <!-- payroll.client -->
