<?xml version="1.0" encoding="UTF-8"?>
<!-- Generated by org.testng.reporters.JUnitReportReporter -->
<testsuite name="payroll.deduction" tests="1" time="19.426" ignored="0" failures="0" timestamp="19 Apr 2021 16:24:47 GMT" skipped="0" hostname="LAPTOP" errors="0">
  <testcase name="addDeduction" time="19.426" classname="payroll.deduction"/>
</testsuite> <!-- payroll.deduction -->
